Listing 'nexus_gate'...
Listing 'nexus_gate\\adapters'...
Listing 'nexus_gate\\bridge'...
Listing 'nexus_gate\\build'...
Listing 'nexus_gate\\compiler'...
Listing 'nexus_gate\\core'...
Listing 'nexus_gate\\evidence'...
Compiling 'nexus_gate\\evidence\\compact.py'...
Listing 'nexus_gate\\feedback'...
Compiling 'nexus_gate\\feedback\\__init__.py'...
Compiling 'nexus_gate\\feedback\\compile.py'...
Compiling 'nexus_gate\\feedback\\engine.py'...
Listing 'nexus_gate\\interconnect'...
Compiling 'nexus_gate\\interconnect\\__init__.py'...
Compiling 'nexus_gate\\interconnect\\compile.py'...
Compiling 'nexus_gate\\interconnect\\graph.py'...
Listing 'nexus_gate\\policies'...
Listing 'nexus_gate\\receptors'...
Listing 'nexus_gate\\runtime'...
Listing 'nexus_gate\\schemas'...
Listing 'tests'...
Compiling 'tests\\test_feedback_interconnect.py'...
